<?xml version="1.0" encoding="UTF-8"?>
<testsuite xmlns:xsi="http://www.w3.org/2001/XMLSchema-instance" xsi:noNamespaceSchemaLocation="https://maven.apache.org/surefire/maven-surefire-plugin/xsd/surefire-test-report.xsd" version="3.0.2" name="org.weather.metricsapi.controller.fetch.v1.FetchControllerTest" time="0.567" tests="7" errors="0" skipped="0" failures="0">
  <properties>
[...]
</properties>
  <testcase name="fetch_shouldRejectInvalidRequests" classname="org.weather.metricsapi.controller.fetch.v1.FetchControllerTest" time="0.067">
    <system-out><![CDATA[2025-11-09T04:10:40.507Z  WARN [wma-backend,665b7175-711d-4720-9b50-866d707ef6a4] 5995 --- [wma-backend] [           main] o.w.m.exception.GlobalExceptionHandler   : Validation failed [traceId=665b7175-711d-4720-9b50-866d707ef6a4]: 1 field errors - {metrics=At least one metric must be specified}
2025-11-09T04:10:40.511Z  WARN [wma-backend,dd6d95ba-499d-47ff-9ad7-8a0dc1910704] 5995 --- [wma-backend] [           main] o.w.m.exception.GlobalExceptionHandler   : Validation failed [traceId=dd6d95ba-499d-47ff-9ad7-8a0dc1910704]: 1 field errors - {statistic=Statistic must be one of: min, max, sum, average}
]]></system-out>
  </testcase>
  <testcase name="fetch_shouldValidateDateRange" classname="org.weather.metricsapi.controller.fetch.v1.FetchControllerTest" time="0.015">
    <system-out><![CDATA[2025-11-09T04:10:40.524Z  INFO [wma-backend,3602d8dc-691c-4d4e-8668-719357f656fa] 5995 --- [wma-backend] [           main] o.w.m.c.fetch.v1.FetchController         : Fetching request
2025-11-09T04:10:40.524Z  WARN [wma-backend,3602d8dc-691c-4d4e-8668-719357f656fa] 5995 --- [wma-backend] [           main] o.w.m.service.fetch.v1.FetchService      : Invalid date range: start=2025-11-09 is after end=2025-11-02
2025-11-09T04:10:40.524Z  WARN [wma-backend,3602d8dc-691c-4d4e-8668-719357f656fa] 5995 --- [wma-backend] [           main] o.w.m.exception.GlobalExceptionHandler   : Invalid argument [traceId=3602d8dc-691c-4d4e-8668-719357f656fa]: startDate must be before or equal to endDate
2025-11-09T04:10:40.525Z  INFO [wma-backend,1c54d012-3d57-4227-8876-30e5091b76ce] 5995 --- [wma-backend] [           main] o.w.m.c.fetch.v1.FetchController         : Fetching request
2025-11-09T04:10:40.525Z  WARN [wma-backend,1c54d012-3d57-4227-8876-30e5091b76ce] 5995 --- [wma-backend] [           main] o.w.m.service.fetch.v1.FetchService      : Date range too long: 33 days
2025-11-09T04:10:40.525Z  WARN [wma-backend,1c54d012-3d57-4227-8876-30e5091b76ce] 5995 --- [wma-backend] [           main] o.w.m.exception.GlobalExceptionHandler   : Invalid argument [traceId=1c54d012-3d57-4227-8876-30e5091b76ce]: Date range must not exceed 31 days
]]></system-out>
  </testcase>
  <testcase name="fetch_shouldReturnEmptyForNonExistentSensor" classname="org.weather.metricsapi.controller.fetch.v1.FetchControllerTest" time="0.338">
    <system-out><![CDATA[2025-11-09T04:10:40.539Z  INFO [wma-backend,b8551efe-7d20-40df-8d4a-62b186b93575] 5995 --- [wma-backend] [           main] o.w.m.c.fetch.v1.FetchController         : Fetching request
2025-11-09T04:10:40.863Z  INFO [wma-backend,b8551efe-7d20-40df-8d4a-62b186b93575] 5995 --- [wma-backend] [           main] o.w.m.service.fetch.v1.FetchService      : Fetch query successful: 0 sensors, 1 metrics, 0 data points processed
2025-11-09T04:10:40.863Z  INFO [wma-backend,b8551efe-7d20-40df-8d4a-62b186b93575] 5995 --- [wma-backend] [           main] o.w.m.c.fetch.v1.FetchController         : Fetch query completed
]]></system-out>
  </testcase>
  <testcase name="fetch_shouldReturnAverageForSingleSensor" classname="org.weather.metricsapi.controller.fetch.v1.FetchControllerTest" time="0.038">
    <system-out><![CDATA[2025-11-09T04:10:40.878Z  INFO [wma-backend,8f970c35-db77-4307-8f44-18d964bbaeba] 5995 --- [wma-backend] [           main] o.w.m.c.fetch.v1.FetchController         : Fetching request
2025-11-09T04:10:40.903Z  INFO [wma-backend,8f970c35-db77-4307-8f44-18d964bbaeba] 5995 --- [wma-backend] [           main] o.w.m.service.fetch.v1.FetchService      : Fetch query successful: 1 sensors, 1 metrics, 1 data points processed
2025-11-09T04:10:40.904Z  INFO [wma-backend,8f970c35-db77-4307-8f44-18d964bbaeba] 5995 --- [wma-backend] [           main] o.w.m.c.fetch.v1.FetchController         : Fetch query completed
]]></system-out>
  </testcase>
  <testcase name="fetch_shouldSupportAllStatisticTypes" classname="org.weather.metricsapi.controller.fetch.v1.FetchControllerTest" time="0.043">
    <system-out><![CDATA[2025-11-09T04:10:40.916Z  INFO [wma-backend,86a9a9b3-4964-4932-abdd-73d65820715f] 5995 --- [wma-backend] [           main] o.w.m.c.fetch.v1.FetchController         : Fetching request
2025-11-09T04:10:40.938Z  INFO [wma-backend,86a9a9b3-4964-4932-abdd-73d65820715f] 5995 --- [wma-backend] [           main] o.w.m.service.fetch.v1.FetchService      : Fetch query successful: 1 sensors, 1 metrics, 2 data points processed
2025-11-09T04:10:40.939Z  INFO [wma-backend,86a9a9b3-4964-4932-abdd-73d65820715f] 5995 --- [wma-backend] [           main] o.w.m.c.fetch.v1.FetchController         : Fetch query completed
2025-11-09T04:10:40.940Z  INFO [wma-backend,c1ad5562-4f4a-4069-ba17-74d3e287dc33] 5995 --- [wma-backend] [           main] o.w.m.c.fetch.v1.FetchController         : Fetching request
2025-11-09T04:10:40.943Z  INFO [wma-backend,c1ad5562-4f4a-4069-ba17-74d3e287dc33] 5995 --- [wma-backend] [           main] o.w.m.service.fetch.v1.FetchService      : Fetch query successful: 1 sensors, 1 metrics, 2 data points processed
2025-11-09T04:10:40.943Z  INFO [wma-backend,c1ad5562-4f4a-4069-ba17-74d3e287dc33] 5995 --- [wma-backend] [           main] o.w.m.c.fetch.v1.FetchController         : Fetch query completed
2025-11-09T04:10:40.945Z  INFO [wma-backend,97981254-05b8-462d-8d1e-70420202677d] 5995 --- [wma-backend] [           main] o.w.m.c.fetch.v1.FetchController         : Fetching request
2025-11-09T04:10:40.946Z  INFO [wma-backend,97981254-05b8-462d-8d1e-70420202677d] 5995 --- [wma-backend] [           main] o.w.m.service.fetch.v1.FetchService      : Fetch query successful: 1 sensors, 1 metrics, 2 data points processed
2025-11-09T04:10:40.946Z  INFO [wma-backend,97981254-05b8-462d-8d1e-70420202677d] 5995 --- [wma-backend] [           main] o.w.m.c.fetch.v1.FetchController         : Fetch query completed
2025-11-09T04:10:40.947Z  INFO [wma-backend,325e3c31-87ff-4378-a9b0-625e6d54afd2] 5995 --- [wma-backend] [           main] o.w.m.c.fetch.v1.FetchController         : Fetching request
2025-11-09T04:10:40.948Z  INFO [wma-backend,325e3c31-87ff-4378-a9b0-625e6d54afd2] 5995 --- [wma-backend] [           main] o.w.m.service.fetch.v1.FetchService      : Fetch query successful: 1 sensors, 1 metrics, 2 data points processed
2025-11-09T04:10:40.948Z  INFO [wma-backend,325e3c31-87ff-4378-a9b0-625e6d54afd2] 5995 --- [wma-backend] [           main] o.w.m.c.fetch.v1.FetchController         : Fetch query completed
]]></system-out>
  </testcase>
  <testcase name="fetch_shouldHandleMultipleSensorsAndMetrics" classname="org.weather.metricsapi.controller.fetch.v1.FetchControllerTest" time="0.03">
    <system-out><![CDATA[2025-11-09T04:10:40.960Z  INFO [wma-backend,ec1a5753-a419-4d51-9aac-847fd3c72e80] 5995 --- [wma-backend] [           main] o.w.m.c.fetch.v1.FetchController         : Fetching request
2025-11-09T04:10:40.979Z  INFO [wma-backend,ec1a5753-a419-4d51-9aac-847fd3c72e80] 5995 --- [wma-backend] [           main] o.w.m.service.fetch.v1.FetchService      : Fetch query successful: 2 sensors, 2 metrics, 4 data points processed
2025-11-09T04:10:40.979Z  INFO [wma-backend,ec1a5753-a419-4d51-9aac-847fd3c72e80] 5995 --- [wma-backend] [           main] o.w.m.c.fetch.v1.FetchController         : Fetch query completed
]]></system-out>
  </testcase>
  <testcase name="fetch_shouldUseDefaultDateRangeWhenNotProvided" classname="org.weather.metricsapi.controller.fetch.v1.FetchControllerTest" time="0.022">
    <system-out><![CDATA[2025-11-09T04:10:40.988Z  INFO [wma-backend,20fecfc4-ae61-4e39-9ac6-8aa421ce5563] 5995 --- [wma-backend] [           main] o.w.m.c.fetch.v1.FetchController         : Fetching request
2025-11-09T04:10:41.002Z  INFO [wma-backend,20fecfc4-ae61-4e39-9ac6-8aa421ce5563] 5995 --- [wma-backend] [           main] o.w.m.service.fetch.v1.FetchService      : Fetch query successful: 1 sensors, 1 metrics, 1 data points processed
2025-11-09T04:10:41.002Z  INFO [wma-backend,20fecfc4-ae61-4e39-9ac6-8aa421ce5563] 5995 --- [wma-backend] [           main] o.w.m.c.fetch.v1.FetchController         : Fetch query completed
]]></system-out>
  </testcase>
</testsuite>