<?xml version="1.0" encoding="UTF-8"?>
<testsuite xmlns:xsi="http://www.w3.org/2001/XMLSchema-instance" xsi:noNamespaceSchemaLocation="https://maven.apache.org/surefire/maven-surefire-plugin/xsd/surefire-test-report.xsd" version="3.0.2" name="org.weather.metricsapi.controller.update.v1.UpdateControllerTest" time="1.986" tests="4" errors="0" skipped="0" failures="0">
  <properties>
[...]
</properties>
  <testcase name="update_shouldRejectInvalidRequests" classname="org.weather.metricsapi.controller.update.v1.UpdateControllerTest" time="0.306">
    <system-out><![CDATA[04:10:38.504 [main] INFO org.springframework.test.context.support.AnnotationConfigContextLoaderUtils -- Could not detect default configuration classes for test class [org.weather.metricsapi.controller.update.v1.UpdateControllerTest]: UpdateControllerTest does not declare any static, non-private, non-final, nested classes annotated with @Configuration.
04:10:38.553 [main] INFO org.springframework.boot.test.context.SpringBootTestContextBootstrapper -- Found @SpringBootConfiguration org.weather.metricsapi.WmaBackendApplication for test class org.weather.metricsapi.controller.update.v1.UpdateControllerTest

  .   ____          _            __ _ _
 /\\ / ___'_ __ _ _(_)_ __  __ _ \ \ \ \
( ( )\___ | '_ | '_| | '_ \/ _` | \ \ \ \
 \\/  ___)| |_)| | | | | || (_| |  ) ) ) )
  '  |____| .__|_| |_|_| |_\__, | / / / /
 =========|_|==============|___/=/_/_/_/

 :: Spring Boot ::                (v3.5.7)

2025-11-09T04:10:38.720Z  INFO [wma-backend,] 5995 --- [wma-backend] [           main] o.w.m.c.update.v1.UpdateControllerTest   : Starting UpdateControllerTest using Java 17.0.15 with PID 5995 (started by shubhamkanse in /Users/shubhamkanse/Projects/wma-backend)
2025-11-09T04:10:38.722Z  INFO [wma-backend,] 5995 --- [wma-backend] [           main] o.w.m.c.update.v1.UpdateControllerTest   : The following 1 profile is active: "test"
2025-11-09T04:10:40.065Z  INFO [wma-backend,] 5995 --- [wma-backend] [           main] o.w.m.c.update.v1.UpdateControllerTest   : Started UpdateControllerTest in 1.462 seconds (process running for 1.815)
2025-11-09T04:10:40.341Z  WARN [wma-backend,17516395-5260-4335-9157-bbfa5a9e2f9c] 5995 --- [wma-backend] [           main] o.w.m.exception.GlobalExceptionHandler   : Validation failed [traceId=17516395-5260-4335-9157-bbfa5a9e2f9c]: 1 field errors - {sensorId=sensorId is required and cannot be blank}
2025-11-09T04:10:40.365Z  WARN [wma-backend,14cd580e-a2e6-4d74-96e6-f893bcbc8c45] 5995 --- [wma-backend] [           main] o.w.m.exception.GlobalExceptionHandler   : Validation failed [traceId=14cd580e-a2e6-4d74-96e6-f893bcbc8c45]: 1 field errors - {metrics.temperature=temperature is required}
2025-11-09T04:10:40.369Z  WARN [wma-backend,e0b7189d-db64-4a2f-833e-90f5089eeacb] 5995 --- [wma-backend] [           main] o.w.m.exception.GlobalExceptionHandler   : Validation failed [traceId=e0b7189d-db64-4a2f-833e-90f5089eeacb]: 1 field errors - {metrics.temperature=temperature must not exceed 100°C}
]]></system-out>
  </testcase>
  <testcase name="update_shouldAcceptValidRequestWithAllMetrics" classname="org.weather.metricsapi.controller.update.v1.UpdateControllerTest" time="0.04">
    <system-out><![CDATA[2025-11-09T04:10:40.377Z  INFO [wma-backend,f695e09b-9cb4-4d63-aa59-e8bca3707147] 5995 --- [wma-backend] [           main] o.w.m.c.update.v1.UpdateController       : Received update request
2025-11-09T04:10:40.411Z  INFO [wma-backend,f695e09b-9cb4-4d63-aa59-e8bca3707147] 5995 --- [wma-backend] [           main] o.w.m.service.update.v1.UpdateService    : Ingestion complete: sensor=sensor-001, snapshot=11bb3ce3-3624-4af8-9bb5-b0f3f878697a, metrics_saved=8
2025-11-09T04:10:40.411Z  INFO [wma-backend,f695e09b-9cb4-4d63-aa59-e8bca3707147] 5995 --- [wma-backend] [           main] o.w.m.c.update.v1.UpdateController       : Successfully ingested
]]></system-out>
  </testcase>
  <testcase name="update_shouldAcceptMinimalValidRequest" classname="org.weather.metricsapi.controller.update.v1.UpdateControllerTest" time="0.008">
    <system-out><![CDATA[2025-11-09T04:10:40.417Z  INFO [wma-backend,0f267eb3-a40c-4eca-b2b0-04b6c99ce440] 5995 --- [wma-backend] [           main] o.w.m.c.update.v1.UpdateController       : Received update request
2025-11-09T04:10:40.420Z  INFO [wma-backend,0f267eb3-a40c-4eca-b2b0-04b6c99ce440] 5995 --- [wma-backend] [           main] o.w.m.service.update.v1.UpdateService    : Ingestion complete: sensor=sensor-minimal, snapshot=2b21ed8d-5775-4fc3-9672-dbecb020f715, metrics_saved=2
2025-11-09T04:10:40.420Z  INFO [wma-backend,0f267eb3-a40c-4eca-b2b0-04b6c99ce440] 5995 --- [wma-backend] [           main] o.w.m.c.update.v1.UpdateController       : Successfully ingested
]]></system-out>
  </testcase>
  <testcase name="update_shouldHandleMultipleConsecutiveRequests" classname="org.weather.metricsapi.controller.update.v1.UpdateControllerTest" time="0.01">
    <system-out><![CDATA[2025-11-09T04:10:40.426Z  INFO [wma-backend,e6611356-94d0-4dac-830f-111391455eff] 5995 --- [wma-backend] [           main] o.w.m.c.update.v1.UpdateController       : Received update request
2025-11-09T04:10:40.428Z  INFO [wma-backend,e6611356-94d0-4dac-830f-111391455eff] 5995 --- [wma-backend] [           main] o.w.m.service.update.v1.UpdateService    : Ingestion complete: sensor=sensor-001, snapshot=d567502e-82f4-470f-b169-4838c7b16b90, metrics_saved=2
2025-11-09T04:10:40.428Z  INFO [wma-backend,e6611356-94d0-4dac-830f-111391455eff] 5995 --- [wma-backend] [           main] o.w.m.c.update.v1.UpdateController       : Successfully ingested
2025-11-09T04:10:40.430Z  INFO [wma-backend,557ab62c-ec03-4e99-a500-141bcb11be1e] 5995 --- [wma-backend] [           main] o.w.m.c.update.v1.UpdateController       : Received update request
2025-11-09T04:10:40.432Z  INFO [wma-backend,557ab62c-ec03-4e99-a500-141bcb11be1e] 5995 --- [wma-backend] [           main] o.w.m.service.update.v1.UpdateService    : Ingestion complete: sensor=sensor-001, snapshot=32827d93-3b72-4c2c-8ffd-f52236674c93, metrics_saved=2
2025-11-09T04:10:40.432Z  INFO [wma-backend,557ab62c-ec03-4e99-a500-141bcb11be1e] 5995 --- [wma-backend] [           main] o.w.m.c.update.v1.UpdateController       : Successfully ingested
]]></system-out>
  </testcase>
</testsuite>